nohup: ignoring input
[2018-11-17 17:14:49,205] INFO Reading configuration from: config/zookeeper.properties (org.apache.zookeeper.server.quorum.QuorumPeerConfig)
[2018-11-17 17:14:49,207] INFO autopurge.snapRetainCount set to 3 (org.apache.zookeeper.server.DatadirCleanupManager)
[2018-11-17 17:14:49,207] INFO autopurge.purgeInterval set to 0 (org.apache.zookeeper.server.DatadirCleanupManager)
[2018-11-17 17:14:49,207] INFO Purge task is not scheduled. (org.apache.zookeeper.server.DatadirCleanupManager)
[2018-11-17 17:14:49,207] WARN Either no config or no quorum defined in config, running  in standalone mode (org.apache.zookeeper.server.quorum.QuorumPeerMain)
[2018-11-17 17:14:49,220] INFO Reading configuration from: config/zookeeper.properties (org.apache.zookeeper.server.quorum.QuorumPeerConfig)
[2018-11-17 17:14:49,220] INFO Starting server (org.apache.zookeeper.server.ZooKeeperServerMain)
[2018-11-17 17:14:49,230] INFO Server environment:zookeeper.version=3.4.13-2d71af4dbe22557fda74f9a9b4309b15a7487f03, built on 06/29/2018 00:39 GMT (org.apache.zookeeper.server.ZooKeeperServer)
[2018-11-17 17:14:49,230] INFO Server environment:host.name=ip-172-31-16-251.ap-south-1.compute.internal (org.apache.zookeeper.server.ZooKeeperServer)
[2018-11-17 17:14:49,230] INFO Server environment:java.version=1.8.0_191 (org.apache.zookeeper.server.ZooKeeperServer)
[2018-11-17 17:14:49,230] INFO Server environment:java.vendor=Oracle Corporation (org.apache.zookeeper.server.ZooKeeperServer)
[2018-11-17 17:14:49,230] INFO Server environment:java.home=/usr/lib/jvm/java-1.8.0-openjdk-1.8.0.191.b12-0.42.amzn1.x86_64/jre (org.apache.zookeeper.server.ZooKeeperServer)
[2018-11-17 17:14:49,230] INFO Server environment:java.class.path=/home/ec2-user/kafka_2.11-2.0.0/bin/../libs/activation-1.1.1.jar:/home/ec2-user/kafka_2.11-2.0.0/bin/../libs/aopalliance-repackaged-2.5.0-b42.jar:/home/ec2-user/kafka_2.11-2.0.0/bin/../libs/argparse4j-0.7.0.jar:/home/ec2-user/kafka_2.11-2.0.0/bin/../libs/audience-annotations-0.5.0.jar:/home/ec2-user/kafka_2.11-2.0.0/bin/../libs/commons-lang3-3.5.jar:/home/ec2-user/kafka_2.11-2.0.0/bin/../libs/connect-api-2.0.0.jar:/home/ec2-user/kafka_2.11-2.0.0/bin/../libs/connect-basic-auth-extension-2.0.0.jar:/home/ec2-user/kafka_2.11-2.0.0/bin/../libs/connect-file-2.0.0.jar:/home/ec2-user/kafka_2.11-2.0.0/bin/../libs/connect-json-2.0.0.jar:/home/ec2-user/kafka_2.11-2.0.0/bin/../libs/connect-runtime-2.0.0.jar:/home/ec2-user/kafka_2.11-2.0.0/bin/../libs/connect-transforms-2.0.0.jar:/home/ec2-user/kafka_2.11-2.0.0/bin/../libs/guava-20.0.jar:/home/ec2-user/kafka_2.11-2.0.0/bin/../libs/hk2-api-2.5.0-b42.jar:/home/ec2-user/kafka_2.11-2.0.0/bin/../libs/hk2-locator-2.5.0-b42.jar:/home/ec2-user/kafka_2.11-2.0.0/bin/../libs/hk2-utils-2.5.0-b42.jar:/home/ec2-user/kafka_2.11-2.0.0/bin/../libs/jackson-annotations-2.9.6.jar:/home/ec2-user/kafka_2.11-2.0.0/bin/../libs/jackson-core-2.9.6.jar:/home/ec2-user/kafka_2.11-2.0.0/bin/../libs/jackson-databind-2.9.6.jar:/home/ec2-user/kafka_2.11-2.0.0/bin/../libs/jackson-jaxrs-base-2.9.6.jar:/home/ec2-user/kafka_2.11-2.0.0/bin/../libs/jackson-jaxrs-json-provider-2.9.6.jar:/home/ec2-user/kafka_2.11-2.0.0/bin/../libs/jackson-module-jaxb-annotations-2.9.6.jar:/home/ec2-user/kafka_2.11-2.0.0/bin/../libs/javassist-3.22.0-CR2.jar:/home/ec2-user/kafka_2.11-2.0.0/bin/../libs/javax.annotation-api-1.2.jar:/home/ec2-user/kafka_2.11-2.0.0/bin/../libs/javax.inject-1.jar:/home/ec2-user/kafka_2.11-2.0.0/bin/../libs/javax.inject-2.5.0-b42.jar:/home/ec2-user/kafka_2.11-2.0.0/bin/../libs/javax.servlet-api-3.1.0.jar:/home/ec2-user/kafka_2.11-2.0.0/bin/../libs/javax.ws.rs-api-2.1.jar:/home/ec2-user/kafka_2.11-2.0.0/bin/../libs/jaxb-api-2.3.0.jar:/home/ec2-user/kafka_2.11-2.0.0/bin/../libs/jersey-client-2.27.jar:/home/ec2-user/kafka_2.11-2.0.0/bin/../libs/jersey-common-2.27.jar:/home/ec2-user/kafka_2.11-2.0.0/bin/../libs/jersey-container-servlet-2.27.jar:/home/ec2-user/kafka_2.11-2.0.0/bin/../libs/jersey-container-servlet-core-2.27.jar:/home/ec2-user/kafka_2.11-2.0.0/bin/../libs/jersey-hk2-2.27.jar:/home/ec2-user/kafka_2.11-2.0.0/bin/../libs/jersey-media-jaxb-2.27.jar:/home/ec2-user/kafka_2.11-2.0.0/bin/../libs/jersey-server-2.27.jar:/home/ec2-user/kafka_2.11-2.0.0/bin/../libs/jetty-client-9.4.11.v20180605.jar:/home/ec2-user/kafka_2.11-2.0.0/bin/../libs/jetty-continuation-9.4.11.v20180605.jar:/home/ec2-user/kafka_2.11-2.0.0/bin/../libs/jetty-http-9.4.11.v20180605.jar:/home/ec2-user/kafka_2.11-2.0.0/bin/../libs/jetty-io-9.4.11.v20180605.jar:/home/ec2-user/kafka_2.11-2.0.0/bin/../libs/jetty-security-9.4.11.v20180605.jar:/home/ec2-user/kafka_2.11-2.0.0/bin/../libs/jetty-server-9.4.11.v20180605.jar:/home/ec2-user/kafka_2.11-2.0.0/bin/../libs/jetty-servlet-9.4.11.v20180605.jar:/home/ec2-user/kafka_2.11-2.0.0/bin/../libs/jetty-servlets-9.4.11.v20180605.jar:/home/ec2-user/kafka_2.11-2.0.0/bin/../libs/jetty-util-9.4.11.v20180605.jar:/home/ec2-user/kafka_2.11-2.0.0/bin/../libs/jopt-simple-5.0.4.jar:/home/ec2-user/kafka_2.11-2.0.0/bin/../libs/kafka_2.11-2.0.0.jar:/home/ec2-user/kafka_2.11-2.0.0/bin/../libs/kafka_2.11-2.0.0-sources.jar:/home/ec2-user/kafka_2.11-2.0.0/bin/../libs/kafka-clients-2.0.0.jar:/home/ec2-user/kafka_2.11-2.0.0/bin/../libs/kafka-log4j-appender-2.0.0.jar:/home/ec2-user/kafka_2.11-2.0.0/bin/../libs/kafka-streams-2.0.0.jar:/home/ec2-user/kafka_2.11-2.0.0/bin/../libs/kafka-streams-examples-2.0.0.jar:/home/ec2-user/kafka_2.11-2.0.0/bin/../libs/kafka-streams-scala_2.11-2.0.0.jar:/home/ec2-user/kafka_2.11-2.0.0/bin/../libs/kafka-streams-test-utils-2.0.0.jar:/home/ec2-user/kafka_2.11-2.0.0/bin/../libs/kafka-tools-2.0.0.jar:/home/ec2-user/kafka_2.11-2.0.0/bin/../libs/log4j-1.2.17.jar:/home/ec2-user/kafka_2.11-2.0.0/bin/../libs/lz4-java-1.4.1.jar:/home/ec2-user/kafka_2.11-2.0.0/bin/../libs/maven-artifact-3.5.3.jar:/home/ec2-user/kafka_2.11-2.0.0/bin/../libs/metrics-core-2.2.0.jar:/home/ec2-user/kafka_2.11-2.0.0/bin/../libs/osgi-resource-locator-1.0.1.jar:/home/ec2-user/kafka_2.11-2.0.0/bin/../libs/plexus-utils-3.1.0.jar:/home/ec2-user/kafka_2.11-2.0.0/bin/../libs/reflections-0.9.11.jar:/home/ec2-user/kafka_2.11-2.0.0/bin/../libs/rocksdbjni-5.7.3.jar:/home/ec2-user/kafka_2.11-2.0.0/bin/../libs/scala-library-2.11.12.jar:/home/ec2-user/kafka_2.11-2.0.0/bin/../libs/scala-logging_2.11-3.9.0.jar:/home/ec2-user/kafka_2.11-2.0.0/bin/../libs/scala-reflect-2.11.12.jar:/home/ec2-user/kafka_2.11-2.0.0/bin/../libs/slf4j-api-1.7.25.jar:/home/ec2-user/kafka_2.11-2.0.0/bin/../libs/slf4j-log4j12-1.7.25.jar:/home/ec2-user/kafka_2.11-2.0.0/bin/../libs/snappy-java-1.1.7.1.jar:/home/ec2-user/kafka_2.11-2.0.0/bin/../libs/validation-api-1.1.0.Final.jar:/home/ec2-user/kafka_2.11-2.0.0/bin/../libs/zkclient-0.10.jar:/home/ec2-user/kafka_2.11-2.0.0/bin/../libs/zookeeper-3.4.13.jar (org.apache.zookeeper.server.ZooKeeperServer)
[2018-11-17 17:14:49,231] INFO Server environment:java.library.path=/usr/java/packages/lib/amd64:/usr/lib64:/lib64:/lib:/usr/lib (org.apache.zookeeper.server.ZooKeeperServer)
[2018-11-17 17:14:49,231] INFO Server environment:java.io.tmpdir=/tmp (org.apache.zookeeper.server.ZooKeeperServer)
[2018-11-17 17:14:49,231] INFO Server environment:java.compiler=<NA> (org.apache.zookeeper.server.ZooKeeperServer)
[2018-11-17 17:14:49,231] INFO Server environment:os.name=Linux (org.apache.zookeeper.server.ZooKeeperServer)
[2018-11-17 17:14:49,231] INFO Server environment:os.arch=amd64 (org.apache.zookeeper.server.ZooKeeperServer)
[2018-11-17 17:14:49,231] INFO Server environment:os.version=4.14.62-65.117.amzn1.x86_64 (org.apache.zookeeper.server.ZooKeeperServer)
[2018-11-17 17:14:49,231] INFO Server environment:user.name=ec2-user (org.apache.zookeeper.server.ZooKeeperServer)
[2018-11-17 17:14:49,231] INFO Server environment:user.home=/home/ec2-user (org.apache.zookeeper.server.ZooKeeperServer)
[2018-11-17 17:14:49,231] INFO Server environment:user.dir=/home/ec2-user/kafka_2.11-2.0.0 (org.apache.zookeeper.server.ZooKeeperServer)
[2018-11-17 17:14:49,239] INFO tickTime set to 3000 (org.apache.zookeeper.server.ZooKeeperServer)
[2018-11-17 17:14:49,239] INFO minSessionTimeout set to -1 (org.apache.zookeeper.server.ZooKeeperServer)
[2018-11-17 17:14:49,239] INFO maxSessionTimeout set to -1 (org.apache.zookeeper.server.ZooKeeperServer)
[2018-11-17 17:14:49,245] INFO Using org.apache.zookeeper.server.NIOServerCnxnFactory as server connection factory (org.apache.zookeeper.server.ServerCnxnFactory)
[2018-11-17 17:14:49,248] INFO binding to port 0.0.0.0/0.0.0.0:2181 (org.apache.zookeeper.server.NIOServerCnxnFactory)
[2018-11-17 17:15:09,348] INFO Accepted socket connection from /127.0.0.1:43946 (org.apache.zookeeper.server.NIOServerCnxnFactory)
[2018-11-17 17:15:09,354] INFO Client attempting to establish new session at /127.0.0.1:43946 (org.apache.zookeeper.server.ZooKeeperServer)
[2018-11-17 17:15:09,355] INFO Creating new log file: log.db (org.apache.zookeeper.server.persistence.FileTxnLog)
[2018-11-17 17:15:09,361] INFO Established session 0x100021e9c050000 with negotiated timeout 30000 for client /127.0.0.1:43946 (org.apache.zookeeper.server.ZooKeeperServer)
[2018-11-17 17:15:09,401] INFO Processed session termination for sessionid: 0x100021e9c050000 (org.apache.zookeeper.server.PrepRequestProcessor)
[2018-11-17 17:15:09,408] INFO Closed socket connection for client /127.0.0.1:43946 which had sessionid 0x100021e9c050000 (org.apache.zookeeper.server.NIOServerCnxn)
[2018-11-17 17:15:36,075] INFO Accepted socket connection from /127.0.0.1:43948 (org.apache.zookeeper.server.NIOServerCnxnFactory)
[2018-11-17 17:15:36,077] INFO Client attempting to establish new session at /127.0.0.1:43948 (org.apache.zookeeper.server.ZooKeeperServer)
[2018-11-17 17:15:36,078] INFO Established session 0x100021e9c050001 with negotiated timeout 6000 for client /127.0.0.1:43948 (org.apache.zookeeper.server.ZooKeeperServer)
[2018-11-17 17:15:36,118] INFO Got user-level KeeperException when processing sessionid:0x100021e9c050001 type:create cxid:0x1 zxid:0xde txntype:-1 reqpath:n/a Error Path:/consumers Error:KeeperErrorCode = NodeExists for /consumers (org.apache.zookeeper.server.PrepRequestProcessor)
[2018-11-17 17:15:36,124] INFO Got user-level KeeperException when processing sessionid:0x100021e9c050001 type:create cxid:0x2 zxid:0xdf txntype:-1 reqpath:n/a Error Path:/brokers/ids Error:KeeperErrorCode = NodeExists for /brokers/ids (org.apache.zookeeper.server.PrepRequestProcessor)
[2018-11-17 17:15:36,126] INFO Got user-level KeeperException when processing sessionid:0x100021e9c050001 type:create cxid:0x3 zxid:0xe0 txntype:-1 reqpath:n/a Error Path:/brokers/topics Error:KeeperErrorCode = NodeExists for /brokers/topics (org.apache.zookeeper.server.PrepRequestProcessor)
[2018-11-17 17:15:36,128] INFO Got user-level KeeperException when processing sessionid:0x100021e9c050001 type:create cxid:0x4 zxid:0xe1 txntype:-1 reqpath:n/a Error Path:/config/changes Error:KeeperErrorCode = NodeExists for /config/changes (org.apache.zookeeper.server.PrepRequestProcessor)
[2018-11-17 17:15:36,130] INFO Got user-level KeeperException when processing sessionid:0x100021e9c050001 type:create cxid:0x5 zxid:0xe2 txntype:-1 reqpath:n/a Error Path:/admin/delete_topics Error:KeeperErrorCode = NodeExists for /admin/delete_topics (org.apache.zookeeper.server.PrepRequestProcessor)
[2018-11-17 17:15:36,131] INFO Got user-level KeeperException when processing sessionid:0x100021e9c050001 type:create cxid:0x6 zxid:0xe3 txntype:-1 reqpath:n/a Error Path:/brokers/seqid Error:KeeperErrorCode = NodeExists for /brokers/seqid (org.apache.zookeeper.server.PrepRequestProcessor)
[2018-11-17 17:15:36,133] INFO Got user-level KeeperException when processing sessionid:0x100021e9c050001 type:create cxid:0x7 zxid:0xe4 txntype:-1 reqpath:n/a Error Path:/isr_change_notification Error:KeeperErrorCode = NodeExists for /isr_change_notification (org.apache.zookeeper.server.PrepRequestProcessor)
[2018-11-17 17:15:36,138] INFO Got user-level KeeperException when processing sessionid:0x100021e9c050001 type:create cxid:0x8 zxid:0xe5 txntype:-1 reqpath:n/a Error Path:/latest_producer_id_block Error:KeeperErrorCode = NodeExists for /latest_producer_id_block (org.apache.zookeeper.server.PrepRequestProcessor)
[2018-11-17 17:15:36,140] INFO Got user-level KeeperException when processing sessionid:0x100021e9c050001 type:create cxid:0x9 zxid:0xe6 txntype:-1 reqpath:n/a Error Path:/log_dir_event_notification Error:KeeperErrorCode = NodeExists for /log_dir_event_notification (org.apache.zookeeper.server.PrepRequestProcessor)
[2018-11-17 17:15:36,142] INFO Got user-level KeeperException when processing sessionid:0x100021e9c050001 type:create cxid:0xa zxid:0xe7 txntype:-1 reqpath:n/a Error Path:/config/topics Error:KeeperErrorCode = NodeExists for /config/topics (org.apache.zookeeper.server.PrepRequestProcessor)
[2018-11-17 17:15:36,143] INFO Got user-level KeeperException when processing sessionid:0x100021e9c050001 type:create cxid:0xb zxid:0xe8 txntype:-1 reqpath:n/a Error Path:/config/clients Error:KeeperErrorCode = NodeExists for /config/clients (org.apache.zookeeper.server.PrepRequestProcessor)
[2018-11-17 17:15:36,145] INFO Got user-level KeeperException when processing sessionid:0x100021e9c050001 type:create cxid:0xc zxid:0xe9 txntype:-1 reqpath:n/a Error Path:/config/users Error:KeeperErrorCode = NodeExists for /config/users (org.apache.zookeeper.server.PrepRequestProcessor)
[2018-11-17 17:15:36,147] INFO Got user-level KeeperException when processing sessionid:0x100021e9c050001 type:create cxid:0xd zxid:0xea txntype:-1 reqpath:n/a Error Path:/config/brokers Error:KeeperErrorCode = NodeExists for /config/brokers (org.apache.zookeeper.server.PrepRequestProcessor)
[2018-11-17 17:15:37,399] INFO Got user-level KeeperException when processing sessionid:0x100021e9c050001 type:delete cxid:0x6a zxid:0xef txntype:-1 reqpath:n/a Error Path:/admin/reassign_partitions Error:KeeperErrorCode = NoNode for /admin/reassign_partitions (org.apache.zookeeper.server.PrepRequestProcessor)
[2018-11-17 17:15:37,412] INFO Got user-level KeeperException when processing sessionid:0x100021e9c050001 type:delete cxid:0x6c zxid:0xf0 txntype:-1 reqpath:n/a Error Path:/admin/preferred_replica_election Error:KeeperErrorCode = NoNode for /admin/preferred_replica_election (org.apache.zookeeper.server.PrepRequestProcessor)
[2018-11-20 07:24:17,547] INFO Got user-level KeeperException when processing sessionid:0x100021e9c050001 type:setData cxid:0xa8 zxid:0xf1 txntype:-1 reqpath:n/a Error Path:/config/topics/weather Error:KeeperErrorCode = NoNode for /config/topics/weather (org.apache.zookeeper.server.PrepRequestProcessor)
