[2018-11-17 17:12:21,153] INFO autopurge.snapRetainCount set to 3 (org.apache.zookeeper.server.DatadirCleanupManager)
[2018-11-17 17:12:21,153] INFO autopurge.purgeInterval set to 0 (org.apache.zookeeper.server.DatadirCleanupManager)
[2018-11-17 17:12:21,153] INFO Purge task is not scheduled. (org.apache.zookeeper.server.DatadirCleanupManager)
[2018-11-17 17:12:21,153] WARN Either no config or no quorum defined in config, running  in standalone mode (org.apache.zookeeper.server.quorum.QuorumPeerMain)
[2018-11-17 17:12:21,170] ERROR Invalid arguments, exiting abnormally (org.apache.zookeeper.server.ZooKeeperServerMain)
java.lang.NumberFormatException: For input string: "config/zookeeper.properties"
	at java.lang.NumberFormatException.forInputString(NumberFormatException.java:65)
	at java.lang.Integer.parseInt(Integer.java:580)
	at java.lang.Integer.parseInt(Integer.java:615)
	at org.apache.zookeeper.server.ServerConfig.parse(ServerConfig.java:61)
	at org.apache.zookeeper.server.ZooKeeperServerMain.initializeAndRun(ZooKeeperServerMain.java:86)
	at org.apache.zookeeper.server.ZooKeeperServerMain.main(ZooKeeperServerMain.java:55)
	at org.apache.zookeeper.server.quorum.QuorumPeerMain.initializeAndRun(QuorumPeerMain.java:119)
	at org.apache.zookeeper.server.quorum.QuorumPeerMain.main(QuorumPeerMain.java:81)
[2018-11-17 17:12:21,172] INFO Usage: ZooKeeperServerMain configfile | port datadir [ticktime] [maxcnxns] (org.apache.zookeeper.server.ZooKeeperServerMain)
Usage: ZooKeeperServerMain configfile | port datadir [ticktime] [maxcnxns]
[2018-11-17 17:13:02,033] INFO autopurge.snapRetainCount set to 3 (org.apache.zookeeper.server.DatadirCleanupManager)
[2018-11-17 17:13:02,034] INFO autopurge.purgeInterval set to 0 (org.apache.zookeeper.server.DatadirCleanupManager)
[2018-11-17 17:13:02,034] INFO Purge task is not scheduled. (org.apache.zookeeper.server.DatadirCleanupManager)
[2018-11-17 17:13:02,034] WARN Either no config or no quorum defined in config, running  in standalone mode (org.apache.zookeeper.server.quorum.QuorumPeerMain)
[2018-11-17 17:13:02,050] ERROR Invalid arguments, exiting abnormally (org.apache.zookeeper.server.ZooKeeperServerMain)
java.lang.NumberFormatException: For input string: "config/zookeeper.properties"
	at java.lang.NumberFormatException.forInputString(NumberFormatException.java:65)
	at java.lang.Integer.parseInt(Integer.java:580)
	at java.lang.Integer.parseInt(Integer.java:615)
	at org.apache.zookeeper.server.ServerConfig.parse(ServerConfig.java:61)
	at org.apache.zookeeper.server.ZooKeeperServerMain.initializeAndRun(ZooKeeperServerMain.java:86)
	at org.apache.zookeeper.server.ZooKeeperServerMain.main(ZooKeeperServerMain.java:55)
	at org.apache.zookeeper.server.quorum.QuorumPeerMain.initializeAndRun(QuorumPeerMain.java:119)
	at org.apache.zookeeper.server.quorum.QuorumPeerMain.main(QuorumPeerMain.java:81)
[2018-11-17 17:13:02,052] INFO Usage: ZooKeeperServerMain configfile | port datadir [ticktime] [maxcnxns] (org.apache.zookeeper.server.ZooKeeperServerMain)
Usage: ZooKeeperServerMain configfile | port datadir [ticktime] [maxcnxns]
[2018-11-17 17:14:15,117] INFO autopurge.snapRetainCount set to 3 (org.apache.zookeeper.server.DatadirCleanupManager)
[2018-11-17 17:14:15,117] INFO autopurge.purgeInterval set to 0 (org.apache.zookeeper.server.DatadirCleanupManager)
[2018-11-17 17:14:15,117] INFO Purge task is not scheduled. (org.apache.zookeeper.server.DatadirCleanupManager)
[2018-11-17 17:14:15,117] WARN Either no config or no quorum defined in config, running  in standalone mode (org.apache.zookeeper.server.quorum.QuorumPeerMain)
[2018-11-17 17:14:15,133] ERROR Invalid arguments, exiting abnormally (org.apache.zookeeper.server.ZooKeeperServerMain)
java.lang.NumberFormatException: For input string: "config/zookeeper.properties"
	at java.lang.NumberFormatException.forInputString(NumberFormatException.java:65)
	at java.lang.Integer.parseInt(Integer.java:580)
	at java.lang.Integer.parseInt(Integer.java:615)
	at org.apache.zookeeper.server.ServerConfig.parse(ServerConfig.java:61)
	at org.apache.zookeeper.server.ZooKeeperServerMain.initializeAndRun(ZooKeeperServerMain.java:86)
	at org.apache.zookeeper.server.ZooKeeperServerMain.main(ZooKeeperServerMain.java:55)
	at org.apache.zookeeper.server.quorum.QuorumPeerMain.initializeAndRun(QuorumPeerMain.java:119)
	at org.apache.zookeeper.server.quorum.QuorumPeerMain.main(QuorumPeerMain.java:81)
[2018-11-17 17:14:15,135] INFO Usage: ZooKeeperServerMain configfile | port datadir [ticktime] [maxcnxns] (org.apache.zookeeper.server.ZooKeeperServerMain)
Usage: ZooKeeperServerMain configfile | port datadir [ticktime] [maxcnxns]
